[debug] [2022-06-18T11:30:08.333Z] ----------------------------------------------------------------------
[debug] [2022-06-18T11:30:08.337Z] Command:       C:\Program Files\nodejs\node.exe C:\Users\parve\AppData\Roaming\npm\node_modules\firebase-tools\lib\bin\firebase.js init
[debug] [2022-06-18T11:30:08.338Z] CLI Version:   11.1.0
[debug] [2022-06-18T11:30:08.339Z] Platform:      win32
[debug] [2022-06-18T11:30:08.339Z] Node Version:  v18.0.0
[debug] [2022-06-18T11:30:08.341Z] Time:          Sat Jun 18 2022 17:30:08 GMT+0600 (Bangladesh Standard Time)
[debug] [2022-06-18T11:30:08.341Z] ----------------------------------------------------------------------
[debug] 
[debug] [2022-06-18T11:30:08.361Z] > command requires scopes: ["email","openid","https://www.googleapis.com/auth/cloudplatformprojects.readonly","https://www.googleapis.com/auth/firebase","https://www.googleapis.com/auth/cloud-platform"]
[debug] [2022-06-18T11:30:08.362Z] > authorizing via signed-in user (parvezislam45@gmail.com)
[info] 
     ######## #### ########  ######## ########     ###     ######  ########
     ##        ##  ##     ## ##       ##     ##  ##   ##  ##       ##
     ######    ##  ########  ######   ########  #########  ######  ######
     ##        ##  ##    ##  ##       ##     ## ##     ##       ## ##
     ##       #### ##     ## ######## ########  ##     ##  ######  ########

You're about to initialize a Firebase project in this directory:

  C:\React\portfolio-website-main

Before we get started, keep in mind:

  * You are currently outside your home directory

[info] 
=== Project Setup
[info] 
[info] First, let's associate this project directory with a Firebase project.
[info] You can create multiple project aliases by running firebase use --add, 
[info] but for now we'll just set up a default project.
[info] 
[debug] [2022-06-18T11:30:19.548Z] > refreshing access token with scopes: []
[debug] [2022-06-18T11:30:19.552Z] >>> [apiv2][query] POST https://www.googleapis.com/oauth2/v3/token [none]
[debug] [2022-06-18T11:30:19.553Z] >>> [apiv2][body] POST https://www.googleapis.com/oauth2/v3/token [omitted]
[debug] [2022-06-18T11:30:20.031Z] <<< [apiv2][status] POST https://www.googleapis.com/oauth2/v3/token 400
[debug] [2022-06-18T11:30:20.032Z] <<< [apiv2][body] POST https://www.googleapis.com/oauth2/v3/token [omitted]
[debug] [2022-06-18T11:30:20.033Z] >>> [apiv2][query] GET https://firebase.googleapis.com/v1beta1/projects pageSize=100
[debug] [2022-06-18T11:30:20.349Z] <<< [apiv2][status] GET https://firebase.googleapis.com/v1beta1/projects 401
[debug] [2022-06-18T11:30:20.349Z] <<< [apiv2][body] GET https://firebase.googleapis.com/v1beta1/projects [omitted]
[debug] [2022-06-18T11:30:20.350Z] HTTP Error: 401, Request had invalid authentication credentials. Expected OAuth 2 access token, login cookie or other valid authentication credential. See https://developers.google.com/identity/sign-in/web/devconsole-project.
[debug] [2022-06-18T11:30:20.584Z] FirebaseError: HTTP Error: 401, Request had invalid authentication credentials. Expected OAuth 2 access token, login cookie or other valid authentication credential. See https://developers.google.com/identity/sign-in/web/devconsole-project.
    at responseToError (C:\Users\parve\AppData\Roaming\npm\node_modules\firebase-tools\lib\responseToError.js:49:12)
    at RetryOperation._fn (C:\Users\parve\AppData\Roaming\npm\node_modules\firebase-tools\lib\apiv2.js:287:77)
    at process.processTicksAndRejections (node:internal/process/task_queues:95:5)
[error] 
[error] Error: Failed to list Firebase projects. See firebase-debug.log for more info.
[debug] [2022-06-18T11:33:24.321Z] ----------------------------------------------------------------------
[debug] [2022-06-18T11:33:24.325Z] Command:       C:\Program Files\nodejs\node.exe C:\Users\parve\AppData\Roaming\npm\node_modules\firebase-tools\lib\bin\firebase.js init
[debug] [2022-06-18T11:33:24.326Z] CLI Version:   11.1.0
[debug] [2022-06-18T11:33:24.326Z] Platform:      win32
[debug] [2022-06-18T11:33:24.326Z] Node Version:  v18.0.0
[debug] [2022-06-18T11:33:24.328Z] Time:          Sat Jun 18 2022 17:33:24 GMT+0600 (Bangladesh Standard Time)
[debug] [2022-06-18T11:33:24.329Z] ----------------------------------------------------------------------
[debug] 
[debug] [2022-06-18T11:33:24.344Z] > command requires scopes: ["email","openid","https://www.googleapis.com/auth/cloudplatformprojects.readonly","https://www.googleapis.com/auth/firebase","https://www.googleapis.com/auth/cloud-platform"]
[debug] [2022-06-18T11:33:24.345Z] > authorizing via signed-in user (parvezislam45@gmail.com)
[info] 
     ######## #### ########  ######## ########     ###     ######  ########
     ##        ##  ##     ## ##       ##     ##  ##   ##  ##       ##
     ######    ##  ########  ######   ########  #########  ######  ######
     ##        ##  ##    ##  ##       ##     ## ##     ##       ## ##
     ##       #### ##     ## ######## ########  ##     ##  ######  ########

You're about to initialize a Firebase project in this directory:

  C:\React\My Protfolio

Before we get started, keep in mind:

  * You are currently outside your home directory

[info] 
=== Project Setup
[info] 
[info] First, let's associate this project directory with a Firebase project.
[info] You can create multiple project aliases by running firebase use --add, 
[info] but for now we'll just set up a default project.
[info] 
[debug] [2022-06-18T11:33:33.217Z] > refreshing access token with scopes: []
[debug] [2022-06-18T11:33:33.221Z] >>> [apiv2][query] POST https://www.googleapis.com/oauth2/v3/token [none]
[debug] [2022-06-18T11:33:33.222Z] >>> [apiv2][body] POST https://www.googleapis.com/oauth2/v3/token [omitted]
[debug] [2022-06-18T11:33:33.744Z] <<< [apiv2][status] POST https://www.googleapis.com/oauth2/v3/token 400
[debug] [2022-06-18T11:33:33.745Z] <<< [apiv2][body] POST https://www.googleapis.com/oauth2/v3/token [omitted]
[debug] [2022-06-18T11:33:33.746Z] >>> [apiv2][query] GET https://firebase.googleapis.com/v1beta1/projects pageSize=100
[debug] [2022-06-18T11:33:34.328Z] <<< [apiv2][status] GET https://firebase.googleapis.com/v1beta1/projects 401
[debug] [2022-06-18T11:33:34.328Z] <<< [apiv2][body] GET https://firebase.googleapis.com/v1beta1/projects [omitted]
[debug] [2022-06-18T11:33:34.330Z] HTTP Error: 401, Request had invalid authentication credentials. Expected OAuth 2 access token, login cookie or other valid authentication credential. See https://developers.google.com/identity/sign-in/web/devconsole-project.
[debug] [2022-06-18T11:33:34.594Z] FirebaseError: HTTP Error: 401, Request had invalid authentication credentials. Expected OAuth 2 access token, login cookie or other valid authentication credential. See https://developers.google.com/identity/sign-in/web/devconsole-project.
    at responseToError (C:\Users\parve\AppData\Roaming\npm\node_modules\firebase-tools\lib\responseToError.js:49:12)
    at RetryOperation._fn (C:\Users\parve\AppData\Roaming\npm\node_modules\firebase-tools\lib\apiv2.js:287:77)
    at process.processTicksAndRejections (node:internal/process/task_queues:95:5)
[error] 
[error] Error: Failed to list Firebase projects. See firebase-debug.log for more info.
